C:\Documents and Settings\Selva\Desktop\addBook1.xls
C:\Documents and Settings\Selva\Desktop\addBook1.xls
C:\Documents and Settings\Selva\Desktop\addBook1.xls
C:\Documents and Settings\Selva\Desktop\addBook1.xls
C:\Documents and Settings\Selva\Desktop\addBook1.xls
C:\Documents and Settings\Selva\Desktop\addBook1.xls
C:\Documents and Settings\Selva\Desktop\addBook1.xls
C:\Documents and Settings\Selva\Desktop\addBook1.xls
C:\Documents and Settings\Selva\Desktop\addBook1.xls
C:\Documents and Settings\Selva\Desktop\SAP\barcodex86\addBook1.xls
C:\Documents and Settings\Selva\Desktop\SAP\barcodex86\addBook1.xls
C:\Documents and Settings\Selva\Desktop\SAP\barcodex86\addBook1.xls
C:\Documents and Settings\Selva\Desktop\SAP\barcodex86\addBook1.xls
C:\Documents and Settings\Selva\Desktop\SAP\barcodex86\addBook1.xls
C:\Documents and Settings\Selva\Desktop\SAP\barcodex86\addBook1.xls
C:\Documents and Settings\Selva\Desktop\SAP\barcodex86\addBook1.xls
C:\Documents and Settings\Selva\Desktop\SAP\barcodex86\addBook1.xls
C:\Documents and Settings\Selva\Desktop\SAP\barcodex86\addBook1.xls
C:\Documents and Settings\Selva\Desktop\SAP\barcodex86\addBook1.xls
C:\Documents and Settings\Selva\Desktop\SAP\barcodex86\addBook1.xls
C:\Documents and Settings\Selva\Desktop\SAP\barcodex86\addBook1.xls
C:\Documents and Settings\Selva\Desktop\diwali-sweet-final.xls
C:\Documents and Settings\Selva\Desktop\diwali-sweet-final.xls
C:\Documents and Settings\Selva\Desktop\diwali-sweet-final.xls
C:\Documents and Settings\Selva\Desktop\diwali-sweet-final.xls
C:\Documents and Settings\Selva\Desktop\diwali-sweet-final.xls
C:\Documents and Settings\Selva\Desktop\diwali-sweet-final.xls
C:\Documents and Settings\Selva\Desktop\SAP\advt-diwali-sweet-final.xls
C:\Documents and Settings\Selva\Desktop\SAP\advt-diwali-sweet-final.xls
C:\Documents and Settings\Selva\Desktop\SAP\advt-diwali-sweet-final.xls
C:\Documents and Settings\Selva\Desktop\SAP\advt-diwali-sweet-final.xls
C:\Documents and Settings\Selva\Desktop\SAP\advt-diwali-sweet-final.xls
C:\Documents and Settings\Selva\Desktop\SAP\advt-diwali-sweet-final.xls
F:\sapbarprgnew\sapbarcodetmptab\Address Sticker FINAL-kka2.xls
OpenFileDialog1
F:\sapbarprgnew\sapbarcodetmptab\Address Sticker FINAL-kka2.xls
F:\sapbarprgnew\sapbarcodetmptab\addresssticknew.xls
F:\sapbarprgnew\sapbarcodetmptab\addresssticknew.xls
